\BOOKMARK [1][]{section*.1}{\376\377\000\040\000R\000e\000s\000e\000a\000r\000c\000h\000\040\000I\000n\000t\000e\000r\000e\000s\000t\000s\000\040}{}% 1
\BOOKMARK [1][]{section*.2}{\376\377\000\040\000E\000d\000u\000c\000a\000t\000i\000o\000n\000\040}{}% 2
\BOOKMARK [1][]{section*.3}{\376\377\000\040\000R\000e\000s\000e\000a\000r\000c\000h\000\040\000E\000x\000p\000e\000r\000i\000e\000n\000c\000e\000\040}{}% 3
\BOOKMARK [2][]{section*.4}{\376\377\000C\000a\000r\000n\000e\000g\000i\000e\000\040\000M\000e\000l\000l\000o\000n\000\040\000U\000n\000i\000v\000e\000r\000s\000i\000t\000y}{section*.3}% 4
\BOOKMARK [2][]{section*.5}{\376\377\000M\000a\000g\000n\000u\000m\000\040\000R\000e\000s\000e\000a\000r\000c\000h\000\040\000G\000r\000o\000u\000p}{section*.3}% 5
\BOOKMARK [2][]{section*.6}{\376\377\000V\000i\000r\000g\000i\000n\000i\000a\000\040\000T\000e\000c\000h}{section*.3}% 6
\BOOKMARK [2][]{section*.7}{\376\377\000S\000y\000s\000t\000e\000m\000s\000\040\000S\000o\000f\000t\000w\000a\000r\000e\000\040\000R\000e\000s\000e\000a\000r\000c\000h\000\040\000G\000r\000o\000u\000p}{section*.3}% 7
\BOOKMARK [1][]{section*.8}{\376\377\000\040\000T\000e\000a\000c\000h\000i\000n\000g\000\040\000E\000x\000p\000e\000r\000i\000e\000n\000c\000e\000\040}{}% 8
\BOOKMARK [1][]{section*.9}{\376\377\000\040\000P\000u\000b\000l\000i\000c\000a\000t\000i\000o\000n\000s\000\040}{}% 9
\BOOKMARK [2][]{section*.10}{\376\377\000C\000o\000n\000f\000e\000r\000e\000n\000c\000e\000\040\000P\000r\000o\000c\000e\000e\000d\000i\000n\000g\000s}{section*.9}% 10
\BOOKMARK [2][]{section*.11}{\376\377\000J\000o\000u\000r\000n\000a\000l\000\040\000A\000r\000t\000i\000c\000l\000e\000s}{section*.9}% 11
\BOOKMARK [2][]{section*.12}{\376\377\000M\000a\000g\000a\000z\000i\000n\000e\000\040\000A\000r\000t\000i\000c\000l\000e\000s}{section*.9}% 12
\BOOKMARK [1][]{section*.13}{\376\377\000\040\000I\000n\000d\000u\000s\000t\000r\000y\000\040\000E\000x\000p\000e\000r\000i\000e\000n\000c\000e\000\040}{}% 13
\BOOKMARK [2][]{section*.14}{\376\377\000A\000d\000o\000b\000e\000\040\000R\000e\000s\000e\000a\000r\000c\000h}{section*.13}% 14
\BOOKMARK [2][]{section*.15}{\376\377\000S\000n\000o\000w\000p\000l\000o\000w\000\040\000A\000n\000a\000l\000y\000t\000i\000c\000s}{section*.13}% 15
\BOOKMARK [2][]{section*.16}{\376\377\000Q\000u\000a\000l\000c\000o\000m\000m}{section*.13}% 16
\BOOKMARK [2][]{section*.17}{\376\377\000P\000h\000o\000e\000n\000i\000x\000\040\000I\000n\000t\000e\000g\000r\000a\000t\000i\000o\000n}{section*.13}% 17
\BOOKMARK [2][]{section*.18}{\376\377\000S\000u\000n\000a\000p\000s\000y\000s}{section*.13}% 18
\BOOKMARK [1][]{section*.19}{\376\377\000\040\000P\000r\000o\000j\000e\000c\000t\000s\000\040}{}% 19
\BOOKMARK [2][]{section*.20}{\376\377\000G\000i\000t\000H\000u\000b\000\040\000P\000o\000r\000t\000f\000o\000l\000i\000o}{section*.19}% 20
\BOOKMARK [2][]{section*.21}{\376\377\000P\000e\000r\000s\000o\000n\000a\000l\000\040\000B\000l\000o\000g\000\040\000a\000n\000d\000\040\000W\000e\000b\000s\000i\000t\000e}{section*.19}% 21
\BOOKMARK [1][]{section*.22}{\376\377\000\040\000S\000k\000i\000l\000l\000s\000\040}{}% 22
\BOOKMARK [1][]{section*.23}{\376\377\000\040\000H\000o\000n\000o\000r\000s\000\040\000\046\000\040\000A\000w\000a\000r\000d\000s\000\040}{}% 23
\BOOKMARK [1][]{section*.24}{\376\377\000\040\000A\000c\000t\000i\000v\000i\000t\000i\000e\000s\000\040}{}% 24
